Arguments: 
  C:\Program Files\nodejs\node.exe C:\Program Files (x86)\Yarn\bin\yarn.js add react-select

PATH: 
  C:\Program Files (x86)\Common Files\Oracle\Java\javapath;C:\Program Files\ImageMagick-7.0.8-Q16;C:\WINDOWS\system32;C:\WINDOWS;C:\WINDOWS\System32\Wbem;C:\WINDOWS\System32\WindowsPowerShell\v1.0\;C:\WINDOWS\System32\OpenSSH\;C:\Program Files\Microsoft VS Code\bin;C:\Program Files (x86)\NVIDIA Corporation\PhysX\Common;C:\Program Files\NVIDIA Corporation\NVIDIA NvDLISR;C:\ProgramData\chocolatey\bin;C:\Program Files\Java\jdk1.8.0_191\bin;C:\Android\android-sdk\tools;C:\Android\android-sdk\platform-tools;C:\Android\android-sdk\tools\bin;C:\Program Files\AdoptOpenJDK\jdk8u192-b12\bin;C:\Program Files\Blender Foundation\Blender;D:\Progs\_run\Flutter\flutter_windows_v1.0.0-stable\flutter\bin;C:\Users\Jared\AppData\Roaming\nvm;C:\Program Files\nodejs;D:\Progs\_run\ffmpeg-20190126-d8ebfd1-win64-static\bin\ffmpeg.exe;D:\Progs\_run\ffmpeg-20190126-d8ebfd1-win64-static\bin\ffplay.exe;D:\Progs\_run\ffmpeg-20190126-d8ebfd1-win64-static\bin\ffprobe.exe;C:\Users\Jared\AppData\Local\Programs\Python\Python37-32\;C:\Program Files (x86)\Yarn\bin\;C:\Program Files (x86)\ZeroTier\One\;C:\Program Files\Git\cmd;C:\Users\Jared\Downloads\cmder\bin;C:\Users\Jared\Downloads\cmder\vendor\bin;C:\Users\Jared\Downloads\cmder\vendor\conemu-maximus5\ConEmu\Scripts;C:\Users\Jared\Downloads\cmder\vendor\conemu-maximus5;C:\Users\Jared\Downloads\cmder\vendor\conemu-maximus5\ConEmu;C:\WINDOWS\system32;C:\WINDOWS;C:\WINDOWS\System32\Wbem;C:\WINDOWS\System32\WindowsPowerShell\v1.0\;C:\WINDOWS\System32\OpenSSH\;C:\Program Files\Git\cmd;C:\Program Files\Microsoft VS Code\bin;C:\Program Files (x86)\NVIDIA Corporation\PhysX\Common;C:\Program Files\NVIDIA Corporation\NVIDIA NvDLISR;C:\ProgramData\chocolatey\bin;C:\Program Files\Java\jdk1.8.0_191\bin;C:\Android\android-sdk\tools;C:\Android\android-sdk\platform-tools;C:\Android\android-sdk\tools\bin;C:\Program Files\AdoptOpenJDK\jdk8u192-b12\bin;C:\Program Files\Blender Foundation\Blender;D:\Progs\_run\Flutter\flutter_windows_v1.0.0-stable\flutter\bin;C:\Users\Jared\AppData\Roaming\nvm;C:\Program Files\nodejs;C:\Users\Jared\Downloads\cmder\bin;C:\Users\Jared\Downloads\cmder\vendor\bin;C:\Users\Jared\Downloads\cmder\vendor;C:\Users\Jared\AppData\Local\Yarn\bin

Yarn version: 
  1.16.0

Node version: 
  10.15.0

Platform: 
  win32 x64

Trace: 
  Error: EPERM: operation not permitted, unlink 'C:\Users\Jared\Local Sites\gutenberg-block--acf\app\public\wp-content\plugins\ski-resort-card\node_modules\node-sass\vendor\win32-x64-64\binding.node'

npm manifest: 
  {
    "name": "ski-resort-card-cgb-guten-block",
    "version": "1.0.0",
    "private": true,
    "scripts": {
      "start": "cgb-scripts start",
      "build": "cgb-scripts build",
      "eject": "cgb-scripts eject"
    },
    "dependencies": {
      "cgb-scripts": "1.20.0"
    }
  }

yarn manifest: 
  No manifest

Lockfile: 
  No lockfile
